<?xml version="1.0" encoding="UTF-8"?>
<!-- Generated by org.testng.reporters.JUnitXMLReporter -->
<testsuite ignored="0" hostname="ae-x.local" failures="0" tests="15" name="SingleTest" time="53.816" errors="0" timestamp="2023-12-06T21:45:40 PST">
  <testcase classname="testcases.BaseTest" name="confirmApplicationLaunch" time="0.429"/>
  <testcase classname="testcases.BaseTest" name="confirmProductsListed" time="0.242"/>
  <testcase classname="testcases.BaseTest" name="confirmLinkNavigation" time="3.198"/>
  <testcase classname="testcases.BaseTest" name="selectProductWH09" time="5.6"/>
  <testcase classname="testcases.BaseTest" name="confirmAddToCartSelection" time="0.044"/>
  <testcase classname="testcases.BaseTest" name="getProductDetails" time="0.133"/>
  <testcase classname="testcases.BaseTest" name="confirmSizeSelection" time="0.14"/>
  <testcase classname="testcases.BaseTest" name="confirmColorSelection" time="0.15"/>
  <testcase classname="testcases.BaseTest" name="editQTY" time="0.355"/>
  <testcase classname="testcases.BaseTest" name="addItemToCart" time="6.599"/>
  <testcase classname="testcases.BaseTest" name="viewFooter" time="0.041"/>
  <testcase classname="testcases.BaseTest" name="proceedToCheckout" time="7.85"/>
  <testcase classname="testcases.BaseTest" name="confirmShipping" time="5.658"/>
  <testcase classname="testcases.BaseTest" name="confirmPayment" time="13.913"/>
  <testcase classname="testcases.BaseTest" name="confirmOrderSuccess" time="0.046"/>
</testsuite> <!-- SingleTest -->
