<?xml version="1.0" encoding="UTF-8"?>
<testsuite xmlns:xsi="http://www.w3.org/2001/XMLSchema-instance" xsi:noNamespaceSchemaLocation="https://maven.apache.org/surefire/maven-surefire-plugin/xsd/surefire-test-report-3.0.xsd" version="3.0" name="TestSuite" time="59.931" tests="15" errors="0" skipped="0" failures="0">
  <properties>
[...]
</properties>
  <testcase name="confirmApplicationLaunch" classname="testcases.BaseTest" time="0.431">
    <system-out><![CDATA[- Application Launched Successfully
]]></system-out>
    <system-err><![CDATA[SLF4J: Failed to load class "org.slf4j.impl.StaticLoggerBinder".
SLF4J: Defaulting to no-operation (NOP) logger implementation
SLF4J: See http://www.slf4j.org/codes.html#StaticLoggerBinder for further details.
Dec 06, 2023 9:44:48 PM org.openqa.selenium.devtools.CdpVersionFinder findNearestMatch
WARNING: Unable to find an exact match for CDP version 119, returning the closest version; found: 118; Please update to a Selenium version that supports CDP version 119
]]></system-err>
  </testcase>
  <testcase name="confirmProductsListed" classname="testcases.BaseTest" time="0.257">
    <system-out><![CDATA[- Shop Eco Friendly Products Available
]]></system-out>
  </testcase>
  <testcase name="confirmLinkNavigation" classname="testcases.BaseTest" time="3.187">
    <system-out><![CDATA[- Current URL: https://magento.softwaretestingboard.com/
- Button 'Shop Eco-Friendly' Clicked
- Current URL: https://magento.softwaretestingboard.com/collections/eco-friendly.html
- URL Navigation Successful
]]></system-out>
  </testcase>
  <testcase name="selectProductWH09" classname="testcases.BaseTest" time="5.603">
    <system-out><![CDATA[- Product 'Ariel Roll Sleeve Sweatshirt' Selected
]]></system-out>
  </testcase>
  <testcase name="confirmAddToCartSelection" classname="testcases.BaseTest" time="0.04">
    <system-out><![CDATA[- [Add to Cart] button is displayed
]]></system-out>
  </testcase>
  <testcase name="getProductDetails" classname="testcases.BaseTest" time="0.134">
    <system-out><![CDATA[- Current URL: https://magento.softwaretestingboard.com/ariel-roll-sleeve-sweatshirt.html
 
- Product: Ariel Roll Sleeve Sweatshirt  |  SKU#: WH09
- Description: Soft, sleek and subtle, the Ariel Roll Sleeve Sweatshirt is a nuanced fitness garment for all occasions. It works equally well as a workout piece or in a casual social setting.
• Purple two-tone lightweight hoodie.
• 100% cotton.
• Adjustable roll sleeves for Long-Sleeve or 3/4 sleeve.
• Casual, comfy piece for running errands or weekend activities.
 
]]></system-out>
  </testcase>
  <testcase name="confirmSizeSelection" classname="testcases.BaseTest" time="0.141"/>
  <testcase name="confirmColorSelection" classname="testcases.BaseTest" time="0.149"/>
  <testcase name="editQTY" classname="testcases.BaseTest" time="0.354"/>
  <testcase name="addItemToCart" classname="testcases.BaseTest" time="6.599"/>
  <testcase name="viewFooter" classname="testcases.BaseTest" time="0.046"/>
  <testcase name="proceedToCheckout" classname="testcases.BaseTest" time="7.852"/>
  <testcase name="confirmShipping" classname="testcases.BaseTest" time="5.663">
    <system-out><![CDATA[- Order Summary:
2 Item in Cart
Ariel Roll Sleeve Sweatshirt
Qty 2
$78.00
View Details
 
]]></system-out>
  </testcase>
  <testcase name="confirmPayment" classname="testcases.BaseTest" time="13.914">
    <system-out><![CDATA[- Current URL: https://magento.softwaretestingboard.com/checkout/#payment
 
Order Summary
Cart Subtotal $78.00
Shipping
Flat Rate - Fixed
$10.00
Order Total $88.00
2 Item in Cart
Ariel Roll Sleeve Sweatshirt
Qty 2
$78.00
View Details
 
Ship To: Test Engineer
123 Automation Street, #1
Selenium City, Wyoming 92009
United States
(307) 555-5555
Shipping Method: Flat Rate - Fixed
 
]]></system-out>
  </testcase>
  <testcase name="confirmOrderSuccess" classname="testcases.BaseTest" time="0.042">
    <system-out><![CDATA[- Current URL: https://magento.softwaretestingboard.com/checkout/onepage/success/
- Order Complete! Your order # is: 000037276.
 Thank you!
]]></system-out>
  </testcase>
</testsuite>