<?xml version="1.0" encoding="UTF-8"?>
<!-- Generated by org.testng.reporters.JUnitXMLReporter -->
<testsuite ignored="0" hostname="ae-x.local" failures="15" tests="15" name="SingleTest" time="7.295" errors="0" timestamp="2023-12-04T18:05:52 PST">
  <testcase classname="testcases.BaseTest" name="confirmApplicationLaunch" time="0.036">
    <failure type="java.lang.NullPointerException" message="Cannot invoke &amp;quot;pageobjects.HomePage.verifyFooterIsAvailable()&amp;quot; because &amp;quot;this.homePage&amp;quot; is null">
      <![CDATA[java.lang.NullPointerException: Cannot invoke "pageobjects.HomePage.verifyFooterIsAvailable()" because "this.homePage" is null
at testcases.BaseTest.confirmApplicationLaunch(BaseTest.java:43)
at java.base/java.util.ArrayList.forEach(ArrayList.java:1511)
... Removed 29 stack frames]]>
    </failure>
  </testcase> <!-- confirmApplicationLaunch -->
  <testcase classname="testcases.BaseTest" name="confirmProductsListed" time="0.001">
    <failure type="java.lang.NullPointerException" message="Cannot invoke &amp;quot;pageobjects.HomePage.verifyEcoFriendlyProductsAvailable()&amp;quot; because &amp;quot;this.homePage&amp;quot; is null">
      <![CDATA[java.lang.NullPointerException: Cannot invoke "pageobjects.HomePage.verifyEcoFriendlyProductsAvailable()" because "this.homePage" is null
at testcases.BaseTest.confirmProductsListed(BaseTest.java:51)
at java.base/java.util.ArrayList.forEach(ArrayList.java:1511)
... Removed 29 stack frames]]>
    </failure>
  </testcase> <!-- confirmProductsListed -->
  <testcase classname="testcases.BaseTest" name="confirmLinkNavigation" time="0.001">
    <failure type="java.lang.NullPointerException" message="Cannot invoke &amp;quot;pageobjects.HomePage.getCurrentUrl()&amp;quot; because &amp;quot;this.homePage&amp;quot; is null">
      <![CDATA[java.lang.NullPointerException: Cannot invoke "pageobjects.HomePage.getCurrentUrl()" because "this.homePage" is null
at testcases.BaseTest.confirmLinkNavigation(BaseTest.java:56)
at java.base/java.util.ArrayList.forEach(ArrayList.java:1511)
... Removed 29 stack frames]]>
    </failure>
  </testcase> <!-- confirmLinkNavigation -->
  <testcase classname="testcases.BaseTest" name="selectProductWH09" time="2.014">
    <failure type="java.lang.NullPointerException" message="Cannot invoke &amp;quot;pageobjects.ProductPage.actionSelectProduct()&amp;quot; because &amp;quot;this.productPage&amp;quot; is null">
      <![CDATA[java.lang.NullPointerException: Cannot invoke "pageobjects.ProductPage.actionSelectProduct()" because "this.productPage" is null
at testcases.BaseTest.selectProductWH09(BaseTest.java:72)
at java.base/java.util.ArrayList.forEach(ArrayList.java:1511)
... Removed 29 stack frames]]>
    </failure>
  </testcase> <!-- selectProductWH09 -->
  <testcase classname="testcases.BaseTest" name="confirmAddToCartSelection" time="0.012">
    <failure type="java.lang.NullPointerException" message="Cannot invoke &amp;quot;pageobjects.ProductDetailsPage.addToCartSelection()&amp;quot; because &amp;quot;this.productDetailsPage&amp;quot; is null">
      <![CDATA[java.lang.NullPointerException: Cannot invoke "pageobjects.ProductDetailsPage.addToCartSelection()" because "this.productDetailsPage" is null
at testcases.BaseTest.confirmAddToCartSelection(BaseTest.java:78)
at java.base/java.util.ArrayList.forEach(ArrayList.java:1511)
... Removed 29 stack frames]]>
    </failure>
  </testcase> <!-- confirmAddToCartSelection -->
  <testcase classname="testcases.BaseTest" name="getProductDetails" time="0.001">
    <failure type="java.lang.NullPointerException" message="Cannot invoke &amp;quot;pageobjects.ProductDetailsPage.getCurrentUrl()&amp;quot; because &amp;quot;this.productDetailsPage&amp;quot; is null">
      <![CDATA[java.lang.NullPointerException: Cannot invoke "pageobjects.ProductDetailsPage.getCurrentUrl()" because "this.productDetailsPage" is null
at testcases.BaseTest.getProductDetails(BaseTest.java:83)
at java.base/java.util.ArrayList.forEach(ArrayList.java:1511)
... Removed 29 stack frames]]>
    </failure>
  </testcase> <!-- getProductDetails -->
  <testcase classname="testcases.BaseTest" name="confirmSizeSelection" time="0.0">
    <failure type="java.lang.NullPointerException" message="Cannot invoke &amp;quot;pageobjects.ProductDetailsPage.sizeSelection()&amp;quot; because &amp;quot;this.productDetailsPage&amp;quot; is null">
      <![CDATA[java.lang.NullPointerException: Cannot invoke "pageobjects.ProductDetailsPage.sizeSelection()" because "this.productDetailsPage" is null
at testcases.BaseTest.confirmSizeSelection(BaseTest.java:91)
at java.base/java.util.ArrayList.forEach(ArrayList.java:1511)
... Removed 29 stack frames]]>
    </failure>
  </testcase> <!-- confirmSizeSelection -->
  <testcase classname="testcases.BaseTest" name="confirmColorSelection" time="0.001">
    <failure type="java.lang.NullPointerException" message="Cannot invoke &amp;quot;pageobjects.ProductDetailsPage.colorSelection()&amp;quot; because &amp;quot;this.productDetailsPage&amp;quot; is null">
      <![CDATA[java.lang.NullPointerException: Cannot invoke "pageobjects.ProductDetailsPage.colorSelection()" because "this.productDetailsPage" is null
at testcases.BaseTest.confirmColorSelection(BaseTest.java:95)
at java.base/java.util.ArrayList.forEach(ArrayList.java:1511)
... Removed 29 stack frames]]>
    </failure>
  </testcase> <!-- confirmColorSelection -->
  <testcase classname="testcases.BaseTest" name="editQTY" time="0.001">
    <failure type="java.lang.NullPointerException" message="Cannot invoke &amp;quot;pageobjects.ProductDetailsPage.inputQTY()&amp;quot; because &amp;quot;this.productDetailsPage&amp;quot; is null">
      <![CDATA[java.lang.NullPointerException: Cannot invoke "pageobjects.ProductDetailsPage.inputQTY()" because "this.productDetailsPage" is null
at testcases.BaseTest.editQTY(BaseTest.java:99)
at java.base/java.util.ArrayList.forEach(ArrayList.java:1511)
... Removed 29 stack frames]]>
    </failure>
  </testcase> <!-- editQTY -->
  <testcase classname="testcases.BaseTest" name="addItemToCart" time="0.001">
    <failure type="java.lang.NullPointerException" message="Cannot invoke &amp;quot;pageobjects.ProductDetailsPage.addProductToCart()&amp;quot; because &amp;quot;this.productDetailsPage&amp;quot; is null">
      <![CDATA[java.lang.NullPointerException: Cannot invoke "pageobjects.ProductDetailsPage.addProductToCart()" because "this.productDetailsPage" is null
at testcases.BaseTest.addItemToCart(BaseTest.java:103)
at java.base/java.util.ArrayList.forEach(ArrayList.java:1511)
... Removed 29 stack frames]]>
    </failure>
  </testcase> <!-- addItemToCart -->
  <testcase classname="testcases.BaseTest" name="viewFooter" time="0.001">
    <failure type="java.lang.NullPointerException" message="Cannot invoke &amp;quot;pageobjects.ProductDetailsPage.viewFooter()&amp;quot; because &amp;quot;this.productDetailsPage&amp;quot; is null">
      <![CDATA[java.lang.NullPointerException: Cannot invoke "pageobjects.ProductDetailsPage.viewFooter()" because "this.productDetailsPage" is null
at testcases.BaseTest.viewFooter(BaseTest.java:108)
at java.base/java.util.ArrayList.forEach(ArrayList.java:1511)
... Removed 29 stack frames]]>
    </failure>
  </testcase> <!-- viewFooter -->
  <testcase classname="testcases.BaseTest" name="proceedToCheckout" time="0.001">
    <failure type="java.lang.NullPointerException" message="Cannot invoke &amp;quot;pageobjects.ProductDetailsPage.proceedToCheckout()&amp;quot; because &amp;quot;this.productDetailsPage&amp;quot; is null">
      <![CDATA[java.lang.NullPointerException: Cannot invoke "pageobjects.ProductDetailsPage.proceedToCheckout()" because "this.productDetailsPage" is null
at testcases.BaseTest.proceedToCheckout(BaseTest.java:112)
at java.base/java.util.ArrayList.forEach(ArrayList.java:1511)
... Removed 29 stack frames]]>
    </failure>
  </testcase> <!-- proceedToCheckout -->
  <testcase classname="testcases.BaseTest" name="confirmShipping" time="0.007">
    <failure type="java.lang.NullPointerException" message="Cannot invoke &amp;quot;pageobjects.CheckoutShippingPage.verifyOrderSummary()&amp;quot; because &amp;quot;this.checkoutShippingPage&amp;quot; is null">
      <![CDATA[java.lang.NullPointerException: Cannot invoke "pageobjects.CheckoutShippingPage.verifyOrderSummary()" because "this.checkoutShippingPage" is null
at testcases.BaseTest.confirmShipping(BaseTest.java:117)
at java.base/java.util.ArrayList.forEach(ArrayList.java:1511)
... Removed 29 stack frames]]>
    </failure>
  </testcase> <!-- confirmShipping -->
  <testcase classname="testcases.BaseTest" name="confirmPayment" time="5.011">
    <failure type="java.lang.NullPointerException" message="Cannot invoke &amp;quot;pageobjects.CheckoutPaymentPage.verifyBillingShippingSync()&amp;quot; because &amp;quot;this.checkoutPaymentPage&amp;quot; is null">
      <![CDATA[java.lang.NullPointerException: Cannot invoke "pageobjects.CheckoutPaymentPage.verifyBillingShippingSync()" because "this.checkoutPaymentPage" is null
at testcases.BaseTest.confirmPayment(BaseTest.java:126)
at java.base/java.util.ArrayList.forEach(ArrayList.java:1511)
... Removed 29 stack frames]]>
    </failure>
  </testcase> <!-- confirmPayment -->
  <testcase classname="testcases.BaseTest" name="confirmOrderSuccess" time="0.005">
    <failure type="java.lang.NullPointerException" message="Cannot invoke &amp;quot;pageobjects.CheckoutFinalPage.confirmOrderComplete()&amp;quot; because &amp;quot;this.checkoutFinalPage&amp;quot; is null">
      <![CDATA[java.lang.NullPointerException: Cannot invoke "pageobjects.CheckoutFinalPage.confirmOrderComplete()" because "this.checkoutFinalPage" is null
at testcases.BaseTest.confirmOrderSuccess(BaseTest.java:133)
at java.base/java.util.ArrayList.forEach(ArrayList.java:1511)
... Removed 29 stack frames]]>
    </failure>
  </testcase> <!-- confirmOrderSuccess -->
</testsuite> <!-- SingleTest -->
